<?xml version="1.0" encoding="UTF-8"?>
<robot generator="Robot 4.1 (Python 3.9.6 on win32)" generated="20220406 16:11:26.376" rpa="false" schemaversion="2">
<suite id="s1" name="searchSF90" source="C:\TestAutomation\RobotScripts\AmazonUdemyDemo\tests\searchSF90.robot">
<kw name="Prerequisites" library="Common" type="SETUP">
<kw name="Log" library="BuiltIn">
<arg>Enter data to DB</arg>
<doc>Logs the given message with the given level.</doc>
<msg timestamp="20220406 16:11:26.676" level="INFO">Enter data to DB</msg>
<status status="PASS" starttime="20220406 16:11:26.676" endtime="20220406 16:11:26.676"/>
</kw>
<kw name="Log" library="BuiltIn">
<arg>...and data's enter to DB</arg>
<doc>Logs the given message with the given level.</doc>
<msg timestamp="20220406 16:11:26.676" level="INFO">...and data's enter to DB</msg>
<status status="PASS" starttime="20220406 16:11:26.676" endtime="20220406 16:11:26.676"/>
</kw>
<status status="PASS" starttime="20220406 16:11:26.676" endtime="20220406 16:11:26.676"/>
</kw>
<test id="s1-t1" name="Search SF90">
<kw name="Open test-browser" library="Common" type="SETUP">
<kw name="Open Browser" library="SeleniumLibrary">
<arg>about:blank</arg>
<arg>${Browser}[0]</arg>
<doc>Opens a new browser instance to the optional ``url``.</doc>
<msg timestamp="20220406 16:11:26.676" level="INFO">Opening browser 'Chrome' to base url 'about:blank'.</msg>
<kw name="Capture Page Screenshot" library="SeleniumLibrary">
<doc>Takes a screenshot of the current page and embeds it into a log file.</doc>
<msg timestamp="20220406 16:11:29.957" level="INFO">Cannot capture screenshot because no browser is open.</msg>
<status status="PASS" starttime="20220406 16:11:29.957" endtime="20220406 16:11:29.957"/>
</kw>
<msg timestamp="20220406 16:11:29.980" level="FAIL">SessionNotCreatedException: Message: session not created: This version of ChromeDriver only supports Chrome version 89
Current browser version is 100.0.4896.75 with binary path C:\Program Files\Google\Chrome\Application\chrome.exe
</msg>
<status status="FAIL" starttime="20220406 16:11:26.676" endtime="20220406 16:11:29.980"/>
</kw>
<status status="FAIL" starttime="20220406 16:11:26.676" endtime="20220406 16:11:29.980"/>
</kw>
<kw name="Close test-browser" library="Common" type="TEARDOWN">
<kw name="Close Browser" library="SeleniumLibrary">
<doc>Closes the current browser.</doc>
<status status="PASS" starttime="20220406 16:11:29.981" endtime="20220406 16:11:29.981"/>
</kw>
<status status="PASS" starttime="20220406 16:11:29.981" endtime="20220406 16:11:29.981"/>
</kw>
<tag>search</tag>
<status status="FAIL" starttime="20220406 16:11:26.676" endtime="20220406 16:11:29.982">Setup failed:
SessionNotCreatedException: Message: session not created: This version of ChromeDriver only supports Chrome version 89
Current browser version is 100.0.4896.75 with binary path C:\Program Files\Google\Chrome\Application\chrome.exe
</status>
</test>
<kw name="Clean up" library="Common" type="TEARDOWN">
<kw name="Log" library="BuiltIn">
<arg>Clean the DB</arg>
<doc>Logs the given message with the given level.</doc>
<msg timestamp="20220406 16:11:29.984" level="INFO">Clean the DB</msg>
<status status="PASS" starttime="20220406 16:11:29.984" endtime="20220406 16:11:29.984"/>
</kw>
<kw name="Log" library="BuiltIn">
<arg>...the DB's cleaned</arg>
<doc>Logs the given message with the given level.</doc>
<msg timestamp="20220406 16:11:29.984" level="INFO">...the DB's cleaned</msg>
<status status="PASS" starttime="20220406 16:11:29.984" endtime="20220406 16:11:29.984"/>
</kw>
<status status="PASS" starttime="20220406 16:11:29.984" endtime="20220406 16:11:29.985"/>
</kw>
<status status="FAIL" starttime="20220406 16:11:26.376" endtime="20220406 16:11:29.985"/>
</suite>
<statistics>
<total>
<stat pass="0" fail="1" skip="0">All Tests</stat>
</total>
<tag>
<stat pass="0" fail="1" skip="0">search</stat>
</tag>
<suite>
<stat pass="0" fail="1" skip="0" id="s1" name="searchSF90">searchSF90</stat>
</suite>
</statistics>
<errors>
</errors>
</robot>
