<?xml version="1.0" encoding="UTF-8"?>
<robot generator="Robot 4.0.1 (Python 3.9.4 on win32)" generated="20210420 18:19:16.193" rpa="false" schemaversion="2">
<suite id="s1" name="Amazon" source="C:\TestAutomation\RobotScripts\UdemyDemoScript\tests\amazon.robot">
<test id="s1-t1" name="User must sign in to check out">
<kw name="Open Browser" library="SeleniumLibrary">
<arg>http://www.amazon.com</arg>
<arg>chrome</arg>
<doc>Opens a new browser instance to the optional ``url``.</doc>
<msg timestamp="20210420 18:19:16.342" level="INFO">Opening browser 'chrome' to base url 'http://www.amazon.com'.</msg>
<status status="PASS" starttime="20210420 18:19:16.342" endtime="20210420 18:19:19.823"/>
</kw>
<kw name="Wait Until Page Contains" library="SeleniumLibrary">
<arg>Your Amazon.com</arg>
<doc>Waits until ``text`` appears on the current page.</doc>
<kw name="Capture Page Screenshot" library="SeleniumLibrary">
<doc>Takes a screenshot of the current page and embeds it into a log file.</doc>
<msg timestamp="20210420 18:19:25.265" level="INFO" html="true">&lt;/td&gt;&lt;/tr&gt;&lt;tr&gt;&lt;td colspan="3"&gt;&lt;a href="selenium-screenshot-1.png"&gt;&lt;img src="selenium-screenshot-1.png" width="800px"&gt;&lt;/a&gt;</msg>
<status status="PASS" starttime="20210420 18:19:24.847" endtime="20210420 18:19:25.266"/>
</kw>
<msg timestamp="20210420 18:19:25.268" level="FAIL">Text 'Your Amazon.com' did not appear in 5 seconds.</msg>
<status status="FAIL" starttime="20210420 18:19:19.824" endtime="20210420 18:19:25.268"/>
</kw>
<kw name="Input Text" library="SeleniumLibrary">
<arg>id=twotabsearchtextbox</arg>
<arg>Ferrari 458</arg>
<doc>Types the given ``text`` into the text field identified by ``locator``.</doc>
<status status="NOT RUN" starttime="20210420 18:19:25.268" endtime="20210420 18:19:25.268"/>
</kw>
<kw name="Click Button" library="SeleniumLibrary">
<arg>xpath=//*[@id="nav-search"]/form/div[2]/div/input</arg>
<doc>Clicks the button identified by ``locator``.</doc>
<status status="NOT RUN" starttime="20210420 18:19:25.269" endtime="20210420 18:19:25.269"/>
</kw>
<kw name="Wait Until Page Contains" library="SeleniumLibrary">
<arg>results for "Ferrari 458"</arg>
<doc>Waits until ``text`` appears on the current page.</doc>
<status status="NOT RUN" starttime="20210420 18:19:25.269" endtime="20210420 18:19:25.269"/>
</kw>
<kw name="Click Link" library="SeleniumLibrary">
<arg>css=#result_0 &gt; div &gt; div &gt; div &gt; div.a-fixed-left-grid-col.a-col-right &gt; div.a-row.a-spacing-small &gt; div:nth-child(1) &gt; a</arg>
<doc>Clicks a link identified by ``locator``.</doc>
<status status="NOT RUN" starttime="20210420 18:19:25.269" endtime="20210420 18:19:25.269"/>
</kw>
<kw name="Wait Until Page Contains" library="SeleniumLibrary">
<arg>Back to search results</arg>
<doc>Waits until ``text`` appears on the current page.</doc>
<status status="NOT RUN" starttime="20210420 18:19:25.269" endtime="20210420 18:19:25.269"/>
</kw>
<kw name="Click Button" library="SeleniumLibrary">
<arg>id=add-to-cart-button</arg>
<doc>Clicks the button identified by ``locator``.</doc>
<status status="NOT RUN" starttime="20210420 18:19:25.269" endtime="20210420 18:19:25.269"/>
</kw>
<kw name="Wait Until Page Contains" library="SeleniumLibrary">
<arg>Added to Cart</arg>
<doc>Waits until ``text`` appears on the current page.</doc>
<status status="NOT RUN" starttime="20210420 18:19:25.269" endtime="20210420 18:19:25.269"/>
</kw>
<kw name="Click Link" library="SeleniumLibrary">
<arg>id=hlb-ptc-btn-native</arg>
<doc>Clicks a link identified by ``locator``.</doc>
<status status="NOT RUN" starttime="20210420 18:19:25.269" endtime="20210420 18:19:25.269"/>
</kw>
<kw name="Page Should Contain Element" library="SeleniumLibrary">
<arg>continue</arg>
<doc>Verifies that element ``locator`` is found on the current page.</doc>
<status status="NOT RUN" starttime="20210420 18:19:25.269" endtime="20210420 18:19:25.269"/>
</kw>
<kw name="Close Browser" library="SeleniumLibrary">
<doc>Closes the current browser.</doc>
<status status="NOT RUN" starttime="20210420 18:19:25.269" endtime="20210420 18:19:25.269"/>
</kw>
<doc>This is some basic info about the test</doc>
<tag>Smoke</tag>
<status status="FAIL" starttime="20210420 18:19:16.339" endtime="20210420 18:19:25.270">Text 'Your Amazon.com' did not appear in 5 seconds.</status>
</test>
<doc>This is some basic info about the whole suite</doc>
<status status="FAIL" starttime="20210420 18:19:16.195" endtime="20210420 18:19:25.271"/>
</suite>
<statistics>
<total>
<stat pass="0" fail="1" skip="0">All Tests</stat>
</total>
<tag>
<stat pass="0" fail="1" skip="0">Smoke</stat>
</tag>
<suite>
<stat pass="0" fail="1" skip="0" id="s1" name="Amazon">Amazon</stat>
</suite>
</statistics>
<errors>
</errors>
</robot>
