<?xml version="1.0" encoding="UTF-8"?>
<robot generator="Robot 4.0.1 (Python 3.9.4 on win32)" generated="20210520 17:53:05.506" rpa="false" schemaversion="2">
<suite id="s1" name="KeywordExample" source="C:\TestAutomation\RobotScripts\KeywordDemo\Tests\KeywordExample.robot">
<test id="s1-t1" name="First Test-case">
<kw name="Do Something">
<kw name="Log" library="BuiltIn">
<arg>Here's something you do</arg>
<doc>Logs the given message with the given level.</doc>
<msg timestamp="20210520 17:53:05.674" level="INFO">Here's something you do</msg>
<status status="PASS" starttime="20210520 17:53:05.674" endtime="20210520 17:53:05.674"/>
</kw>
<status status="PASS" starttime="20210520 17:53:05.674" endtime="20210520 17:53:05.674"/>
</kw>
<kw name="Do Something Else">
<kw name="Log" library="BuiltIn">
<arg>Here's something else that you do</arg>
<doc>Logs the given message with the given level.</doc>
<msg timestamp="20210520 17:53:05.675" level="INFO">Here's something else that you do</msg>
<status status="PASS" starttime="20210520 17:53:05.675" endtime="20210520 17:53:05.675"/>
</kw>
<status status="PASS" starttime="20210520 17:53:05.675" endtime="20210520 17:53:05.675"/>
</kw>
<status status="PASS" starttime="20210520 17:53:05.672" endtime="20210520 17:53:05.675"/>
</test>
<test id="s1-t2" name="Second Test-case">
<kw name="Do Another Thing">
<kw name="Log" library="BuiltIn">
<arg>Here's another thing that you do</arg>
<doc>Logs the given message with the given level.</doc>
<msg timestamp="20210520 17:53:05.677" level="INFO">Here's another thing that you do</msg>
<status status="PASS" starttime="20210520 17:53:05.677" endtime="20210520 17:53:05.677"/>
</kw>
<status status="PASS" starttime="20210520 17:53:05.677" endtime="20210520 17:53:05.677"/>
</kw>
<kw name="Do Something Else">
<kw name="Log" library="BuiltIn">
<arg>Here's something else that you do</arg>
<doc>Logs the given message with the given level.</doc>
<msg timestamp="20210520 17:53:05.678" level="INFO">Here's something else that you do</msg>
<status status="PASS" starttime="20210520 17:53:05.678" endtime="20210520 17:53:05.678"/>
</kw>
<status status="PASS" starttime="20210520 17:53:05.678" endtime="20210520 17:53:05.678"/>
</kw>
<status status="PASS" starttime="20210520 17:53:05.676" endtime="20210520 17:53:05.678"/>
</test>
<doc>This suite illustrates how user-defined key words can be used to make tests more concise</doc>
<status status="PASS" starttime="20210520 17:53:05.507" endtime="20210520 17:53:05.679"/>
</suite>
<statistics>
<total>
<stat pass="2" fail="0" skip="0">All Tests</stat>
</total>
<tag>
</tag>
<suite>
<stat pass="2" fail="0" skip="0" id="s1" name="KeywordExample">KeywordExample</stat>
</suite>
</statistics>
<errors>
</errors>
</robot>
